<?xml version="1.0" encoding="UTF-8"?>
<!-- Generated by org.testng.reporters.JUnitReportReporter -->
<testsuite hostname="DESKTOP-VPDN1HB" failures="0" tests="1" name="com.example.checkinsai.BaseTest" time="4.165" errors="0" timestamp="2023-05-16T01:12:02 CEST" skipped="0">
  <testcase classname="com.example.checkinsai.BaseTest" name="checkWebsiteURL" time="4.165"/>
  <system-out/>
</testsuite> <!-- com.example.checkinsai.BaseTest -->
